d:\documents\visual studio 2017\repos\gamelauncher\comment editor\x64\debug\vc141.pdb
d:\documents\visual studio 2017\repos\gamelauncher\comment editor\x64\debug\vc141.idb
d:\documents\visual studio 2017\repos\gamelauncher\comment editor\x64\debug\file.obj
d:\documents\visual studio 2017\repos\gamelauncher\comment editor\x64\debug\menu.obj
d:\documents\visual studio 2017\repos\gamelauncher\comment editor\x64\debug\winmain.obj
d:\documents\visual studio 2017\repos\gamelauncher\comment editor\x64\debug\wndproc.obj
d:\documents\visual studio 2017\repos\gamelauncher\comment editor\x64\debug\filename.obj
d:\documents\visual studio 2017\repos\gamelauncher\comment editor\x64\debug\wnd.obj
d:\documents\visual studio 2017\repos\gamelauncher\comment editor\x64\debug\document.obj
d:\documents\visual studio 2017\repos\gamelauncher\comment editor\x64\debug\edit.obj
d:\documents\visual studio 2017\repos\gamelauncher\x64\debug\comment editor.exe
d:\documents\visual studio 2017\repos\gamelauncher\x64\debug\comment editor.ilk
d:\documents\visual studio 2017\repos\gamelauncher\x64\debug\comment editor.pdb
d:\documents\visual studio 2017\repos\gamelauncher\comment editor\x64\debug\wndproc.obj.enc
d:\documents\visual studio 2017\repos\gamelauncher\comment editor\x64\debug\comment editor.tlog\cl.command.1.tlog
d:\documents\visual studio 2017\repos\gamelauncher\comment editor\x64\debug\comment editor.tlog\cl.read.1.tlog
d:\documents\visual studio 2017\repos\gamelauncher\comment editor\x64\debug\comment editor.tlog\cl.write.1.tlog
d:\documents\visual studio 2017\repos\gamelauncher\comment editor\x64\debug\comment editor.tlog\link.command.1.tlog
d:\documents\visual studio 2017\repos\gamelauncher\comment editor\x64\debug\comment editor.tlog\link.read.1.tlog
d:\documents\visual studio 2017\repos\gamelauncher\comment editor\x64\debug\comment editor.tlog\link.write.1.tlog
