d:\documents\visual studio 2017\repos\gamelauncher\comment editor\release\vc141.pdb
d:\documents\visual studio 2017\repos\gamelauncher\comment editor\release\wndproc.obj
d:\documents\visual studio 2017\repos\gamelauncher\comment editor\release\wnd.obj
d:\documents\visual studio 2017\repos\gamelauncher\comment editor\release\winmain.obj
d:\documents\visual studio 2017\repos\gamelauncher\comment editor\release\menu.obj
d:\documents\visual studio 2017\repos\gamelauncher\comment editor\release\filename.obj
d:\documents\visual studio 2017\repos\gamelauncher\comment editor\release\file.obj
d:\documents\visual studio 2017\repos\gamelauncher\comment editor\release\edit.obj
d:\documents\visual studio 2017\repos\gamelauncher\comment editor\release\document.obj
d:\documents\visual studio 2017\repos\gamelauncher\release\comment editor.ipdb
d:\documents\visual studio 2017\repos\gamelauncher\release\comment editor.iobj
d:\documents\visual studio 2017\repos\gamelauncher\release\comment editor.exe
d:\documents\visual studio 2017\repos\gamelauncher\release\comment editor.pdb
d:\documents\visual studio 2017\repos\gamelauncher\comment editor\release\comment editor.tlog\cl.command.1.tlog
d:\documents\visual studio 2017\repos\gamelauncher\comment editor\release\comment editor.tlog\cl.read.1.tlog
d:\documents\visual studio 2017\repos\gamelauncher\comment editor\release\comment editor.tlog\cl.write.1.tlog
d:\documents\visual studio 2017\repos\gamelauncher\comment editor\release\comment editor.tlog\comment editor.write.1u.tlog
d:\documents\visual studio 2017\repos\gamelauncher\comment editor\release\comment editor.tlog\link.command.1.tlog
d:\documents\visual studio 2017\repos\gamelauncher\comment editor\release\comment editor.tlog\link.read.1.tlog
d:\documents\visual studio 2017\repos\gamelauncher\comment editor\release\comment editor.tlog\link.write.1.tlog
